<?xml version="1.0" encoding="UTF-8"?>
<testng-results ignored="0" total="0" passed="0" failed="0" skipped="0">
  <reporter-output>
  </reporter-output>
  <suite started-at="2022-07-04T15:42:05 ART" name="Command line suite" finished-at="2022-07-04T15:42:09 ART" duration-ms="3774">
    <groups>
    </groups>
    <test started-at="2022-07-04T15:42:05 ART" name="Command line test" finished-at="2022-07-04T15:42:09 ART" duration-ms="3774">
      <class name="com.Tests.Test01">
        <test-method is-config="true" signature="SetUp()[pri:0, instance:com.Tests.Test01@105fece7]" started-at="2022-07-04T15:42:05 ART" name="SetUp" finished-at="2022-07-04T15:42:09 ART" duration-ms="3688" status="PASS">
          <reporter-output>
          </reporter-output>
        </test-method> <!-- SetUp -->
        <test-method is-config="true" signature="TearDown()[pri:0, instance:com.Tests.Test01@105fece7]" started-at="2022-07-04T15:42:09 ART" name="TearDown" finished-at="2022-07-04T15:42:09 ART" duration-ms="80" status="PASS">
          <reporter-output>
          </reporter-output>
        </test-method> <!-- TearDown -->
      </class> <!-- com.Tests.Test01 -->
    </test> <!-- Command line test -->
  </suite> <!-- Command line suite -->
</testng-results>
